This file contains any messages produced by compilers while
running configure, to aid debugging if configure makes a mistake.

It was created by DOMjudge configure 5.1.3, which was
generated by GNU Autoconf 2.69.  Invocation command line was

  $ ./configure --prefix=/var/www/contest --enable-cgroups

## --------- ##
## Platform. ##
## --------- ##

hostname = nguyen
uname -m = i686
uname -r = 4.4.0-31-generic
uname -s = Linux
uname -v = #50~14.04.1-Ubuntu SMP Wed Jul 13 01:06:37 UTC 2016

/usr/bin/uname -p = unknown
/bin/uname -X     = unknown

/bin/arch              = unknown
/usr/bin/arch -k       = unknown
/usr/convex/getsysinfo = unknown
/usr/bin/hostinfo      = unknown
/bin/machine           = unknown
/usr/bin/oslevel       = unknown
/bin/universe          = unknown

PATH: /usr/local/sbin
PATH: /usr/local/bin
PATH: /usr/sbin
PATH: /usr/bin
PATH: /sbin
PATH: /bin
PATH: /usr/games
PATH: /usr/local/games


## ----------- ##
## Core tests. ##
## ----------- ##

configure:2523: checking whether configure should try to set CFLAGS
configure:2527: result: yes
configure:2523: checking whether configure should try to set CXXFLAGS
configure:2527: result: yes
configure:2523: checking whether configure should try to set LDFLAGS
configure:2527: result: yes
configure:2582: checking for gcc
configure:2598: found /usr/bin/gcc
configure:2609: result: gcc
configure:2838: checking for C compiler version
configure:2847: gcc --version >&5
gcc (Ubuntu 4.8.4-2ubuntu1~14.04.3) 4.8.4
Copyright (C) 2013 Free Software Foundation, Inc.
This is free software; see the source for copying conditions.  There is NO
warranty; not even for MERCHANTABILITY or FITNESS FOR A PARTICULAR PURPOSE.

configure:2858: $? = 0
configure:2847: gcc -v >&5
Using built-in specs.
COLLECT_GCC=gcc
COLLECT_LTO_WRAPPER=/usr/lib/gcc/i686-linux-gnu/4.8/lto-wrapper
Target: i686-linux-gnu
Configured with: ../src/configure -v --with-pkgversion='Ubuntu 4.8.4-2ubuntu1~14.04.3' --with-bugurl=file:///usr/share/doc/gcc-4.8/README.Bugs --enable-languages=c,c++,java,go,d,fortran,objc,obj-c++ --prefix=/usr --program-suffix=-4.8 --enable-shared --enable-linker-build-id --libexecdir=/usr/lib --without-included-gettext --enable-threads=posix --with-gxx-include-dir=/usr/include/c++/4.8 --libdir=/usr/lib --enable-nls --with-sysroot=/ --enable-clocale=gnu --enable-libstdcxx-debug --enable-libstdcxx-time=yes --enable-gnu-unique-object --disable-libmudflap --enable-plugin --with-system-zlib --disable-browser-plugin --enable-java-awt=gtk --enable-gtk-cairo --with-java-home=/usr/lib/jvm/java-1.5.0-gcj-4.8-i386/jre --enable-java-home --with-jvm-root-dir=/usr/lib/jvm/java-1.5.0-gcj-4.8-i386 --with-jvm-jar-dir=/usr/lib/jvm-exports/java-1.5.0-gcj-4.8-i386 --with-arch-directory=i386 --with-ecj-jar=/usr/share/java/eclipse-ecj.jar --enable-objc-gc --enable-targets=all --enable-multiarch --disable-werror --with-arch-32=i686 --with-multilib-list=m32,m64,mx32 --with-tune=generic --enable-checking=release --build=i686-linux-gnu --host=i686-linux-gnu --target=i686-linux-gnu
Thread model: posix
gcc version 4.8.4 (Ubuntu 4.8.4-2ubuntu1~14.04.3) 
configure:2858: $? = 0
configure:2847: gcc -V >&5
gcc: error: unrecognized command line option '-V'
gcc: fatal error: no input files
compilation terminated.
configure:2858: $? = 4
configure:2847: gcc -qversion >&5
gcc: error: unrecognized command line option '-qversion'
gcc: fatal error: no input files
compilation terminated.
configure:2858: $? = 4
configure:2878: checking whether the C compiler works
configure:2900: gcc    conftest.c  >&5
configure:2904: $? = 0
configure:2952: result: yes
configure:2955: checking for C compiler default output file name
configure:2957: result: a.out
configure:2963: checking for suffix of executables
configure:2970: gcc -o conftest    conftest.c  >&5
configure:2974: $? = 0
configure:2996: result: 
configure:3018: checking whether we are cross compiling
configure:3026: gcc -o conftest    conftest.c  >&5
configure:3030: $? = 0
configure:3037: ./conftest
configure:3041: $? = 0
configure:3056: result: no
configure:3061: checking for suffix of object files
configure:3083: gcc -c   conftest.c >&5
configure:3087: $? = 0
configure:3108: result: o
configure:3112: checking whether we are using the GNU C compiler
configure:3131: gcc -c   conftest.c >&5
configure:3131: $? = 0
configure:3140: result: yes
configure:3149: checking whether gcc accepts -g
configure:3169: gcc -c -g  conftest.c >&5
configure:3169: $? = 0
configure:3210: result: yes
configure:3227: checking for gcc option to accept ISO C89
configure:3290: gcc  -c -g -O2  conftest.c >&5
configure:3290: $? = 0
configure:3303: result: none needed
configure:3330: checking whether C compiler accepts -Wall
configure:3349: gcc -c -g -O2  -Wall  conftest.c >&5
configure:3349: $? = 0
configure:3358: result: yes
configure:3374: : DEF_CXFLAGS="$DEF_CXFLAGS"
configure:3377: $? = 0
configure:3405: checking whether C compiler accepts -fstack-protector
configure:3424: gcc -c -g -O2  -fstack-protector  conftest.c >&5
configure:3424: $? = 0
configure:3433: result: yes
configure:3449: : DEF_CXFLAGS="$DEF_CXFLAGS"
configure:3452: $? = 0
configure:3480: checking whether C compiler accepts -fPIE
configure:3499: gcc -c -g -O2  -fPIE  conftest.c >&5
configure:3499: $? = 0
configure:3508: result: yes
configure:3524: : DEF_CXFLAGS="$DEF_CXFLAGS"
configure:3527: $? = 0
configure:3555: checking whether C compiler accepts -D_FORTIFY_SOURCE=2
configure:3574: gcc -c -g -O2  -D_FORTIFY_SOURCE=2  conftest.c >&5
configure:3574: $? = 0
configure:3583: result: yes
configure:3599: : DEF_CXFLAGS="$DEF_CXFLAGS"
configure:3602: $? = 0
configure:3630: checking whether the linker accepts -fPIE
configure:3649: gcc -o conftest -g -O2    -fPIE conftest.c  >&5
configure:3649: $? = 0
configure:3659: result: yes
configure:3675: : DEF_LDFLAGS="$DEF_LDFLAGS"
configure:3678: $? = 0
configure:3630: checking whether the linker accepts -pie
configure:3649: gcc -o conftest -g -O2    -pie conftest.c  >&5
configure:3649: $? = 0
configure:3659: result: yes
configure:3675: : DEF_LDFLAGS="$DEF_LDFLAGS"
configure:3678: $? = 0
configure:3706: checking whether the linker accepts -Wl,-z,relro
configure:3725: gcc -o conftest -g -O2    -Wl,-z,relro conftest.c  >&5
configure:3725: $? = 0
configure:3735: result: yes
configure:3751: : DEF_LDFLAGS="$DEF_LDFLAGS"
configure:3754: $? = 0
configure:3782: checking whether the linker accepts -Wl,-z,now
configure:3801: gcc -o conftest -g -O2    -Wl,-z,now conftest.c  >&5
configure:3801: $? = 0
configure:3811: result: yes
configure:3827: : DEF_LDFLAGS="$DEF_LDFLAGS"
configure:3830: $? = 0
configure:3878: checking domjudge-user
configure:3890: result: nguyen (default: current user)
configure:3899: checking webserver-group
configure:3920: result: www-data (detected)
configure:3935: checking runuser
configure:3947: result: domjudge-run (default)
configure:3957: checking for cgroup_init in -lcgroup
configure:3982: gcc -o conftest -g -O2 -Wall -fstack-protector -fPIE -D_FORTIFY_SOURCE=2   -fPIE -pie -Wl,-z,relro -Wl,-z,now conftest.c -lcgroup   >&5
configure:3982: $? = 0
configure:3991: result: yes
configure:4517: checking for g++
configure:4533: found /usr/bin/g++
configure:4544: result: g++
configure:4571: checking for C++ compiler version
configure:4580: g++ --version >&5
g++ (Ubuntu 4.8.4-2ubuntu1~14.04.3) 4.8.4
Copyright (C) 2013 Free Software Foundation, Inc.
This is free software; see the source for copying conditions.  There is NO
warranty; not even for MERCHANTABILITY or FITNESS FOR A PARTICULAR PURPOSE.

configure:4591: $? = 0
configure:4580: g++ -v >&5
Using built-in specs.
COLLECT_GCC=g++
COLLECT_LTO_WRAPPER=/usr/lib/gcc/i686-linux-gnu/4.8/lto-wrapper
Target: i686-linux-gnu
Configured with: ../src/configure -v --with-pkgversion='Ubuntu 4.8.4-2ubuntu1~14.04.3' --with-bugurl=file:///usr/share/doc/gcc-4.8/README.Bugs --enable-languages=c,c++,java,go,d,fortran,objc,obj-c++ --prefix=/usr --program-suffix=-4.8 --enable-shared --enable-linker-build-id --libexecdir=/usr/lib --without-included-gettext --enable-threads=posix --with-gxx-include-dir=/usr/include/c++/4.8 --libdir=/usr/lib --enable-nls --with-sysroot=/ --enable-clocale=gnu --enable-libstdcxx-debug --enable-libstdcxx-time=yes --enable-gnu-unique-object --disable-libmudflap --enable-plugin --with-system-zlib --disable-browser-plugin --enable-java-awt=gtk --enable-gtk-cairo --with-java-home=/usr/lib/jvm/java-1.5.0-gcj-4.8-i386/jre --enable-java-home --with-jvm-root-dir=/usr/lib/jvm/java-1.5.0-gcj-4.8-i386 --with-jvm-jar-dir=/usr/lib/jvm-exports/java-1.5.0-gcj-4.8-i386 --with-arch-directory=i386 --with-ecj-jar=/usr/share/java/eclipse-ecj.jar --enable-objc-gc --enable-targets=all --enable-multiarch --disable-werror --with-arch-32=i686 --with-multilib-list=m32,m64,mx32 --with-tune=generic --enable-checking=release --build=i686-linux-gnu --host=i686-linux-gnu --target=i686-linux-gnu
Thread model: posix
gcc version 4.8.4 (Ubuntu 4.8.4-2ubuntu1~14.04.3) 
configure:4591: $? = 0
configure:4580: g++ -V >&5
g++: error: unrecognized command line option '-V'
g++: fatal error: no input files
compilation terminated.
configure:4591: $? = 4
configure:4580: g++ -qversion >&5
g++: error: unrecognized command line option '-qversion'
g++: fatal error: no input files
compilation terminated.
configure:4591: $? = 4
configure:4595: checking whether we are using the GNU C++ compiler
configure:4614: g++ -c -g -O2 -Wall -fstack-protector -fPIE -D_FORTIFY_SOURCE=2  conftest.cpp >&5
configure:4614: $? = 0
configure:4623: result: yes
configure:4632: checking whether g++ accepts -g
configure:4652: g++ -c -g  conftest.cpp >&5
configure:4652: $? = 0
configure:4693: result: yes
configure:4764: checking for gcc
configure:4791: result: gcc
configure:5020: checking for C compiler version
configure:5029: gcc --version >&5
gcc (Ubuntu 4.8.4-2ubuntu1~14.04.3) 4.8.4
Copyright (C) 2013 Free Software Foundation, Inc.
This is free software; see the source for copying conditions.  There is NO
warranty; not even for MERCHANTABILITY or FITNESS FOR A PARTICULAR PURPOSE.

configure:5040: $? = 0
configure:5029: gcc -v >&5
Using built-in specs.
COLLECT_GCC=gcc
COLLECT_LTO_WRAPPER=/usr/lib/gcc/i686-linux-gnu/4.8/lto-wrapper
Target: i686-linux-gnu
Configured with: ../src/configure -v --with-pkgversion='Ubuntu 4.8.4-2ubuntu1~14.04.3' --with-bugurl=file:///usr/share/doc/gcc-4.8/README.Bugs --enable-languages=c,c++,java,go,d,fortran,objc,obj-c++ --prefix=/usr --program-suffix=-4.8 --enable-shared --enable-linker-build-id --libexecdir=/usr/lib --without-included-gettext --enable-threads=posix --with-gxx-include-dir=/usr/include/c++/4.8 --libdir=/usr/lib --enable-nls --with-sysroot=/ --enable-clocale=gnu --enable-libstdcxx-debug --enable-libstdcxx-time=yes --enable-gnu-unique-object --disable-libmudflap --enable-plugin --with-system-zlib --disable-browser-plugin --enable-java-awt=gtk --enable-gtk-cairo --with-java-home=/usr/lib/jvm/java-1.5.0-gcj-4.8-i386/jre --enable-java-home --with-jvm-root-dir=/usr/lib/jvm/java-1.5.0-gcj-4.8-i386 --with-jvm-jar-dir=/usr/lib/jvm-exports/java-1.5.0-gcj-4.8-i386 --with-arch-directory=i386 --with-ecj-jar=/usr/share/java/eclipse-ecj.jar --enable-objc-gc --enable-targets=all --enable-multiarch --disable-werror --with-arch-32=i686 --with-multilib-list=m32,m64,mx32 --with-tune=generic --enable-checking=release --build=i686-linux-gnu --host=i686-linux-gnu --target=i686-linux-gnu
Thread model: posix
gcc version 4.8.4 (Ubuntu 4.8.4-2ubuntu1~14.04.3) 
configure:5040: $? = 0
configure:5029: gcc -V >&5
gcc: error: unrecognized command line option '-V'
gcc: fatal error: no input files
compilation terminated.
configure:5040: $? = 4
configure:5029: gcc -qversion >&5
gcc: error: unrecognized command line option '-qversion'
gcc: fatal error: no input files
compilation terminated.
configure:5040: $? = 4
configure:5044: checking whether we are using the GNU C compiler
configure:5072: result: yes
configure:5081: checking whether gcc accepts -g
configure:5142: result: yes
configure:5159: checking for gcc option to accept ISO C89
configure:5235: result: none needed
configure:5260: checking how to run the C++ preprocessor
configure:5287: g++ -E  conftest.cpp
configure:5287: $? = 0
configure:5301: g++ -E  conftest.cpp
conftest.cpp:10:28: fatal error: ac_nonexistent.h: No such file or directory
 #include <ac_nonexistent.h>
                            ^
compilation terminated.
configure:5301: $? = 1
configure: failed program was:
| /* confdefs.h */
| #define PACKAGE_NAME "DOMjudge"
| #define PACKAGE_TARNAME "domjudge"
| #define PACKAGE_VERSION "5.1.3"
| #define PACKAGE_STRING "DOMjudge 5.1.3"
| #define PACKAGE_BUGREPORT "domjudge-devel@domjudge.org"
| #define PACKAGE_URL ""
| #define DOMJUDGE_VERSION "5.1.3"
| /* end confdefs.h.  */
| #include <ac_nonexistent.h>
configure:5326: result: g++ -E
configure:5346: g++ -E  conftest.cpp
configure:5346: $? = 0
configure:5360: g++ -E  conftest.cpp
conftest.cpp:10:28: fatal error: ac_nonexistent.h: No such file or directory
 #include <ac_nonexistent.h>
                            ^
compilation terminated.
configure:5360: $? = 1
configure: failed program was:
| /* confdefs.h */
| #define PACKAGE_NAME "DOMjudge"
| #define PACKAGE_TARNAME "domjudge"
| #define PACKAGE_VERSION "5.1.3"
| #define PACKAGE_STRING "DOMjudge 5.1.3"
| #define PACKAGE_BUGREPORT "domjudge-devel@domjudge.org"
| #define PACKAGE_URL ""
| #define DOMJUDGE_VERSION "5.1.3"
| /* end confdefs.h.  */
| #include <ac_nonexistent.h>
configure:5393: checking how to run the C preprocessor
configure:5424: gcc -E  conftest.c
configure:5424: $? = 0
configure:5438: gcc -E  conftest.c
conftest.c:10:28: fatal error: ac_nonexistent.h: No such file or directory
 #include <ac_nonexistent.h>
                            ^
compilation terminated.
configure:5438: $? = 1
configure: failed program was:
| /* confdefs.h */
| #define PACKAGE_NAME "DOMjudge"
| #define PACKAGE_TARNAME "domjudge"
| #define PACKAGE_VERSION "5.1.3"
| #define PACKAGE_STRING "DOMjudge 5.1.3"
| #define PACKAGE_BUGREPORT "domjudge-devel@domjudge.org"
| #define PACKAGE_URL ""
| #define DOMJUDGE_VERSION "5.1.3"
| /* end confdefs.h.  */
| #include <ac_nonexistent.h>
configure:5463: result: gcc -E
configure:5483: gcc -E  conftest.c
configure:5483: $? = 0
configure:5497: gcc -E  conftest.c
conftest.c:10:28: fatal error: ac_nonexistent.h: No such file or directory
 #include <ac_nonexistent.h>
                            ^
compilation terminated.
configure:5497: $? = 1
configure: failed program was:
| /* confdefs.h */
| #define PACKAGE_NAME "DOMjudge"
| #define PACKAGE_TARNAME "domjudge"
| #define PACKAGE_VERSION "5.1.3"
| #define PACKAGE_STRING "DOMjudge 5.1.3"
| #define PACKAGE_BUGREPORT "domjudge-devel@domjudge.org"
| #define PACKAGE_URL ""
| #define DOMJUDGE_VERSION "5.1.3"
| /* end confdefs.h.  */
| #include <ac_nonexistent.h>
configure:5568: checking for a BSD-compatible install
configure:5636: result: /usr/bin/install -c
configure:5647: checking whether ln -s works
configure:5651: result: yes
configure:5658: checking whether make sets $(MAKE)
configure:5680: result: yes
configure:5689: checking for a thread-safe mkdir -p
configure:5728: result: /bin/mkdir -p
configure:5733: checking for magic_open in -lmagic
configure:5758: gcc -o conftest -g -O2 -Wall -fstack-protector -fPIE -D_FORTIFY_SOURCE=2   -fPIE -pie -Wl,-z,relro -Wl,-z,now conftest.c -lmagic   >&5
configure:5758: $? = 0
configure:5767: result: yes
configure:5788: checking for a sed that does not truncate output
configure:5852: result: /bin/sed
configure:5861: checking for gawk
configure:5877: found /usr/bin/gawk
configure:5888: result: gawk
configure:5959: checking for curl-config
configure:5977: found /usr/bin/curl-config
configure:5989: result: /usr/bin/curl-config
configure:6042: checking for curl (7.35.0) >= 7.9.7
configure:6077: result: yes
configure:6116: checking for grep that handles long lines and -e
configure:6174: result: /bin/grep
configure:6179: checking for egrep
configure:6241: result: /bin/grep -E
configure:6246: checking for ANSI C header files
configure:6266: gcc -c -g -O2 -Wall -fstack-protector -fPIE -D_FORTIFY_SOURCE=2   conftest.c >&5
configure:6266: $? = 0
configure:6339: gcc -o conftest -g -O2 -Wall -fstack-protector -fPIE -D_FORTIFY_SOURCE=2    -fPIE -pie -Wl,-z,relro -Wl,-z,now conftest.c  >&5
configure:6339: $? = 0
configure:6339: ./conftest
configure:6339: $? = 0
configure:6350: result: yes
configure:6363: checking for sys/types.h
configure:6363: gcc -c -g -O2 -Wall -fstack-protector -fPIE -D_FORTIFY_SOURCE=2   conftest.c >&5
configure:6363: $? = 0
configure:6363: result: yes
configure:6363: checking for sys/stat.h
configure:6363: gcc -c -g -O2 -Wall -fstack-protector -fPIE -D_FORTIFY_SOURCE=2   conftest.c >&5
configure:6363: $? = 0
configure:6363: result: yes
configure:6363: checking for stdlib.h
configure:6363: gcc -c -g -O2 -Wall -fstack-protector -fPIE -D_FORTIFY_SOURCE=2   conftest.c >&5
configure:6363: $? = 0
configure:6363: result: yes
configure:6363: checking for string.h
configure:6363: gcc -c -g -O2 -Wall -fstack-protector -fPIE -D_FORTIFY_SOURCE=2   conftest.c >&5
configure:6363: $? = 0
configure:6363: result: yes
configure:6363: checking for memory.h
configure:6363: gcc -c -g -O2 -Wall -fstack-protector -fPIE -D_FORTIFY_SOURCE=2   conftest.c >&5
configure:6363: $? = 0
configure:6363: result: yes
configure:6363: checking for strings.h
configure:6363: gcc -c -g -O2 -Wall -fstack-protector -fPIE -D_FORTIFY_SOURCE=2   conftest.c >&5
configure:6363: $? = 0
configure:6363: result: yes
configure:6363: checking for inttypes.h
configure:6363: gcc -c -g -O2 -Wall -fstack-protector -fPIE -D_FORTIFY_SOURCE=2   conftest.c >&5
configure:6363: $? = 0
configure:6363: result: yes
configure:6363: checking for stdint.h
configure:6363: gcc -c -g -O2 -Wall -fstack-protector -fPIE -D_FORTIFY_SOURCE=2   conftest.c >&5
configure:6363: $? = 0
configure:6363: result: yes
configure:6363: checking for unistd.h
configure:6363: gcc -c -g -O2 -Wall -fstack-protector -fPIE -D_FORTIFY_SOURCE=2   conftest.c >&5
configure:6363: $? = 0
configure:6363: result: yes
configure:6377: checking curl/curl.h usability
configure:6377: gcc -c -g -O2 -Wall -fstack-protector -fPIE -D_FORTIFY_SOURCE=2   conftest.c >&5
configure:6377: $? = 0
configure:6377: result: yes
configure:6377: checking curl/curl.h presence
configure:6377: gcc -E   conftest.c
configure:6377: $? = 0
configure:6377: result: yes
configure:6377: checking for curl/curl.h
configure:6377: result: yes
configure:6452: checking jsoncpp/json/json.h usability
configure:6452: g++ -c -g -O2 -Wall -fstack-protector -fPIE -D_FORTIFY_SOURCE=2  conftest.cpp >&5
configure:6452: $? = 0
configure:6452: result: yes
configure:6452: checking jsoncpp/json/json.h presence
configure:6452: g++ -E  conftest.cpp
configure:6452: $? = 0
configure:6452: result: yes
configure:6452: checking for jsoncpp/json/json.h
configure:6452: result: yes
configure:6510: checking for stdbool.h that conforms to C99
configure:6577: gcc -c -g -O2 -Wall -fstack-protector -fPIE -D_FORTIFY_SOURCE=2  conftest.c >&5
conftest.c: In function 'main':
conftest.c:73:14: warning: the address of 's' will always evaluate as 'true' [-Waddress]
              bool e = &s;
              ^
conftest.c:77:22: warning: the address of 'a' will always evaluate as 'true' [-Waddress]
              return (!a + !b + !c + !d + !e + !f + !g + !h + !i + !!j + !k + !!l
                      ^
conftest.c:77:27: warning: the address of 'b' will always evaluate as 'true' [-Waddress]
              return (!a + !b + !c + !d + !e + !f + !g + !h + !i + !!j + !k + !!l
                           ^
conftest.c:77:32: warning: the address of 'c' will always evaluate as 'true' [-Waddress]
              return (!a + !b + !c + !d + !e + !f + !g + !h + !i + !!j + !k + !!l
                                ^
conftest.c:77:37: warning: the address of 'd' will always evaluate as 'true' [-Waddress]
              return (!a + !b + !c + !d + !e + !f + !g + !h + !i + !!j + !k + !!l
                                     ^
conftest.c:77:47: warning: the address of 'f' will always evaluate as 'true' [-Waddress]
              return (!a + !b + !c + !d + !e + !f + !g + !h + !i + !!j + !k + !!l
                                               ^
conftest.c:77:52: warning: the address of 'g' will always evaluate as 'true' [-Waddress]
              return (!a + !b + !c + !d + !e + !f + !g + !h + !i + !!j + !k + !!l
                                                    ^
conftest.c:77:57: warning: the address of 'h' will always evaluate as 'true' [-Waddress]
              return (!a + !b + !c + !d + !e + !f + !g + !h + !i + !!j + !k + !!l
                                                         ^
conftest.c:77:62: warning: the address of 'i' will always evaluate as 'true' [-Waddress]
              return (!a + !b + !c + !d + !e + !f + !g + !h + !i + !!j + !k + !!l
                                                              ^
conftest.c:78:29: warning: the address of 'n' will always evaluate as 'true' [-Waddress]
                             ^
conftest.c:78:34: warning: the address of 'o' will always evaluate as 'true' [-Waddress]
                                  ^
conftest.c:78:39: warning: the address of 'p' will always evaluate as 'true' [-Waddress]
                                       ^
configure:6577: $? = 0
configure:6584: result: yes
configure:6586: checking for _Bool
configure:6586: gcc -c -g -O2 -Wall -fstack-protector -fPIE -D_FORTIFY_SOURCE=2  conftest.c >&5
configure:6586: $? = 0
configure:6586: gcc -c -g -O2 -Wall -fstack-protector -fPIE -D_FORTIFY_SOURCE=2  conftest.c >&5
conftest.c: In function 'main':
conftest.c:60:20: error: expected expression before ')' token
 if (sizeof ((_Bool)))
                    ^
configure:6586: $? = 1
configure: failed program was:
| /* confdefs.h */
| #define PACKAGE_NAME "DOMjudge"
| #define PACKAGE_TARNAME "domjudge"
| #define PACKAGE_VERSION "5.1.3"
| #define PACKAGE_STRING "DOMjudge 5.1.3"
| #define PACKAGE_BUGREPORT "domjudge-devel@domjudge.org"
| #define PACKAGE_URL ""
| #define DOMJUDGE_VERSION "5.1.3"
| #define STDC_HEADERS 1
| #define HAVE_SYS_TYPES_H 1
| #define HAVE_SYS_STAT_H 1
| #define HAVE_STDLIB_H 1
| #define HAVE_STRING_H 1
| #define HAVE_MEMORY_H 1
| #define HAVE_STRINGS_H 1
| #define HAVE_INTTYPES_H 1
| #define HAVE_STDINT_H 1
| #define HAVE_UNISTD_H 1
| #define HAVE_CURL_CURL_H 1
| #define HAVE_JSONCPP_JSON_JSON_H 1
| #define _POSIX_C_SOURCE 200809L
| #define _XOPEN_SOURCE 500
| /* end confdefs.h.  */
| #include <stdio.h>
| #ifdef HAVE_SYS_TYPES_H
| # include <sys/types.h>
| #endif
| #ifdef HAVE_SYS_STAT_H
| # include <sys/stat.h>
| #endif
| #ifdef STDC_HEADERS
| # include <stdlib.h>
| # include <stddef.h>
| #else
| # ifdef HAVE_STDLIB_H
| #  include <stdlib.h>
| # endif
| #endif
| #ifdef HAVE_STRING_H
| # if !defined STDC_HEADERS && defined HAVE_MEMORY_H
| #  include <memory.h>
| # endif
| # include <string.h>
| #endif
| #ifdef HAVE_STRINGS_H
| # include <strings.h>
| #endif
| #ifdef HAVE_INTTYPES_H
| # include <inttypes.h>
| #endif
| #ifdef HAVE_STDINT_H
| # include <stdint.h>
| #endif
| #ifdef HAVE_UNISTD_H
| # include <unistd.h>
| #endif
| int
| main ()
| {
| if (sizeof ((_Bool)))
| 	    return 0;
|   ;
|   return 0;
| }
configure:6586: result: yes
configure:6606: checking fcntl.h usability
configure:6606: gcc -c -g -O2 -Wall -fstack-protector -fPIE -D_FORTIFY_SOURCE=2  conftest.c >&5
configure:6606: $? = 0
configure:6606: result: yes
configure:6606: checking fcntl.h presence
configure:6606: gcc -E  conftest.c
configure:6606: $? = 0
configure:6606: result: yes
configure:6606: checking for fcntl.h
configure:6606: result: yes
configure:6606: checking for stdlib.h
configure:6606: result: yes
configure:6606: checking for string.h
configure:6606: result: yes
configure:6606: checking sys/param.h usability
configure:6606: gcc -c -g -O2 -Wall -fstack-protector -fPIE -D_FORTIFY_SOURCE=2  conftest.c >&5
configure:6606: $? = 0
configure:6606: result: yes
configure:6606: checking sys/param.h presence
configure:6606: gcc -E  conftest.c
configure:6606: $? = 0
configure:6606: result: yes
configure:6606: checking for sys/param.h
configure:6606: result: yes
configure:6606: checking sys/time.h usability
configure:6606: gcc -c -g -O2 -Wall -fstack-protector -fPIE -D_FORTIFY_SOURCE=2  conftest.c >&5
configure:6606: $? = 0
configure:6606: result: yes
configure:6606: checking sys/time.h presence
configure:6606: gcc -E  conftest.c
configure:6606: $? = 0
configure:6606: result: yes
configure:6606: checking for sys/time.h
configure:6606: result: yes
configure:6606: checking syslog.h usability
configure:6606: gcc -c -g -O2 -Wall -fstack-protector -fPIE -D_FORTIFY_SOURCE=2  conftest.c >&5
configure:6606: $? = 0
configure:6606: result: yes
configure:6606: checking syslog.h presence
configure:6606: gcc -E  conftest.c
configure:6606: $? = 0
configure:6606: result: yes
configure:6606: checking for syslog.h
configure:6606: result: yes
configure:6606: checking termios.h usability
configure:6606: gcc -c -g -O2 -Wall -fstack-protector -fPIE -D_FORTIFY_SOURCE=2  conftest.c >&5
configure:6606: $? = 0
configure:6606: result: yes
configure:6606: checking termios.h presence
configure:6606: gcc -E  conftest.c
configure:6606: $? = 0
configure:6606: result: yes
configure:6606: checking for termios.h
configure:6606: result: yes
configure:6606: checking for unistd.h
configure:6606: result: yes
configure:6606: checking magic.h usability
configure:6606: gcc -c -g -O2 -Wall -fstack-protector -fPIE -D_FORTIFY_SOURCE=2  conftest.c >&5
configure:6606: $? = 0
configure:6606: result: yes
configure:6606: checking magic.h presence
configure:6606: gcc -E  conftest.c
configure:6606: $? = 0
configure:6606: result: yes
configure:6606: checking for magic.h
configure:6606: result: yes
configure:6606: checking libcgroup.h usability
configure:6606: gcc -c -g -O2 -Wall -fstack-protector -fPIE -D_FORTIFY_SOURCE=2  conftest.c >&5
configure:6606: $? = 0
configure:6606: result: yes
configure:6606: checking libcgroup.h presence
configure:6606: gcc -E  conftest.c
configure:6606: $? = 0
configure:6606: result: yes
configure:6606: checking for libcgroup.h
configure:6606: result: yes
configure:6618: checking for inline
configure:6634: gcc -c -g -O2 -Wall -fstack-protector -fPIE -D_FORTIFY_SOURCE=2  conftest.c >&5
configure:6634: $? = 0
configure:6642: result: inline
configure:6660: checking for pid_t
configure:6660: gcc -c -g -O2 -Wall -fstack-protector -fPIE -D_FORTIFY_SOURCE=2  conftest.c >&5
configure:6660: $? = 0
configure:6660: gcc -c -g -O2 -Wall -fstack-protector -fPIE -D_FORTIFY_SOURCE=2  conftest.c >&5
conftest.c: In function 'main':
conftest.c:72:20: error: expected expression before ')' token
 if (sizeof ((pid_t)))
                    ^
configure:6660: $? = 1
configure: failed program was:
| /* confdefs.h */
| #define PACKAGE_NAME "DOMjudge"
| #define PACKAGE_TARNAME "domjudge"
| #define PACKAGE_VERSION "5.1.3"
| #define PACKAGE_STRING "DOMjudge 5.1.3"
| #define PACKAGE_BUGREPORT "domjudge-devel@domjudge.org"
| #define PACKAGE_URL ""
| #define DOMJUDGE_VERSION "5.1.3"
| #define STDC_HEADERS 1
| #define HAVE_SYS_TYPES_H 1
| #define HAVE_SYS_STAT_H 1
| #define HAVE_STDLIB_H 1
| #define HAVE_STRING_H 1
| #define HAVE_MEMORY_H 1
| #define HAVE_STRINGS_H 1
| #define HAVE_INTTYPES_H 1
| #define HAVE_STDINT_H 1
| #define HAVE_UNISTD_H 1
| #define HAVE_CURL_CURL_H 1
| #define HAVE_JSONCPP_JSON_JSON_H 1
| #define _POSIX_C_SOURCE 200809L
| #define _XOPEN_SOURCE 500
| #define HAVE__BOOL 1
| #define HAVE_STDBOOL_H 1
| #define HAVE_FCNTL_H 1
| #define HAVE_STDLIB_H 1
| #define HAVE_STRING_H 1
| #define HAVE_SYS_PARAM_H 1
| #define HAVE_SYS_TIME_H 1
| #define HAVE_SYSLOG_H 1
| #define HAVE_TERMIOS_H 1
| #define HAVE_UNISTD_H 1
| #define HAVE_MAGIC_H 1
| #define HAVE_LIBCGROUP_H 1
| /* end confdefs.h.  */
| #include <stdio.h>
| #ifdef HAVE_SYS_TYPES_H
| # include <sys/types.h>
| #endif
| #ifdef HAVE_SYS_STAT_H
| # include <sys/stat.h>
| #endif
| #ifdef STDC_HEADERS
| # include <stdlib.h>
| # include <stddef.h>
| #else
| # ifdef HAVE_STDLIB_H
| #  include <stdlib.h>
| # endif
| #endif
| #ifdef HAVE_STRING_H
| # if !defined STDC_HEADERS && defined HAVE_MEMORY_H
| #  include <memory.h>
| # endif
| # include <string.h>
| #endif
| #ifdef HAVE_STRINGS_H
| # include <strings.h>
| #endif
| #ifdef HAVE_INTTYPES_H
| # include <inttypes.h>
| #endif
| #ifdef HAVE_STDINT_H
| # include <stdint.h>
| #endif
| #ifdef HAVE_UNISTD_H
| # include <unistd.h>
| #endif
| int
| main ()
| {
| if (sizeof ((pid_t)))
| 	    return 0;
|   ;
|   return 0;
| }
configure:6660: result: yes
configure:6671: checking for size_t
configure:6671: gcc -c -g -O2 -Wall -fstack-protector -fPIE -D_FORTIFY_SOURCE=2  conftest.c >&5
configure:6671: $? = 0
configure:6671: gcc -c -g -O2 -Wall -fstack-protector -fPIE -D_FORTIFY_SOURCE=2  conftest.c >&5
conftest.c: In function 'main':
conftest.c:72:21: error: expected expression before ')' token
 if (sizeof ((size_t)))
                     ^
configure:6671: $? = 1
configure: failed program was:
| /* confdefs.h */
| #define PACKAGE_NAME "DOMjudge"
| #define PACKAGE_TARNAME "domjudge"
| #define PACKAGE_VERSION "5.1.3"
| #define PACKAGE_STRING "DOMjudge 5.1.3"
| #define PACKAGE_BUGREPORT "domjudge-devel@domjudge.org"
| #define PACKAGE_URL ""
| #define DOMJUDGE_VERSION "5.1.3"
| #define STDC_HEADERS 1
| #define HAVE_SYS_TYPES_H 1
| #define HAVE_SYS_STAT_H 1
| #define HAVE_STDLIB_H 1
| #define HAVE_STRING_H 1
| #define HAVE_MEMORY_H 1
| #define HAVE_STRINGS_H 1
| #define HAVE_INTTYPES_H 1
| #define HAVE_STDINT_H 1
| #define HAVE_UNISTD_H 1
| #define HAVE_CURL_CURL_H 1
| #define HAVE_JSONCPP_JSON_JSON_H 1
| #define _POSIX_C_SOURCE 200809L
| #define _XOPEN_SOURCE 500
| #define HAVE__BOOL 1
| #define HAVE_STDBOOL_H 1
| #define HAVE_FCNTL_H 1
| #define HAVE_STDLIB_H 1
| #define HAVE_STRING_H 1
| #define HAVE_SYS_PARAM_H 1
| #define HAVE_SYS_TIME_H 1
| #define HAVE_SYSLOG_H 1
| #define HAVE_TERMIOS_H 1
| #define HAVE_UNISTD_H 1
| #define HAVE_MAGIC_H 1
| #define HAVE_LIBCGROUP_H 1
| /* end confdefs.h.  */
| #include <stdio.h>
| #ifdef HAVE_SYS_TYPES_H
| # include <sys/types.h>
| #endif
| #ifdef HAVE_SYS_STAT_H
| # include <sys/stat.h>
| #endif
| #ifdef STDC_HEADERS
| # include <stdlib.h>
| # include <stddef.h>
| #else
| # ifdef HAVE_STDLIB_H
| #  include <stdlib.h>
| # endif
| #endif
| #ifdef HAVE_STRING_H
| # if !defined STDC_HEADERS && defined HAVE_MEMORY_H
| #  include <memory.h>
| # endif
| # include <string.h>
| #endif
| #ifdef HAVE_STRINGS_H
| # include <strings.h>
| #endif
| #ifdef HAVE_INTTYPES_H
| # include <inttypes.h>
| #endif
| #ifdef HAVE_STDINT_H
| # include <stdint.h>
| #endif
| #ifdef HAVE_UNISTD_H
| # include <unistd.h>
| #endif
| int
| main ()
| {
| if (sizeof ((size_t)))
| 	    return 0;
|   ;
|   return 0;
| }
configure:6671: result: yes
configure:6682: checking for ssize_t
configure:6682: gcc -c -g -O2 -Wall -fstack-protector -fPIE -D_FORTIFY_SOURCE=2  conftest.c >&5
configure:6682: $? = 0
configure:6682: gcc -c -g -O2 -Wall -fstack-protector -fPIE -D_FORTIFY_SOURCE=2  conftest.c >&5
conftest.c: In function 'main':
conftest.c:72:22: error: expected expression before ')' token
 if (sizeof ((ssize_t)))
                      ^
configure:6682: $? = 1
configure: failed program was:
| /* confdefs.h */
| #define PACKAGE_NAME "DOMjudge"
| #define PACKAGE_TARNAME "domjudge"
| #define PACKAGE_VERSION "5.1.3"
| #define PACKAGE_STRING "DOMjudge 5.1.3"
| #define PACKAGE_BUGREPORT "domjudge-devel@domjudge.org"
| #define PACKAGE_URL ""
| #define DOMJUDGE_VERSION "5.1.3"
| #define STDC_HEADERS 1
| #define HAVE_SYS_TYPES_H 1
| #define HAVE_SYS_STAT_H 1
| #define HAVE_STDLIB_H 1
| #define HAVE_STRING_H 1
| #define HAVE_MEMORY_H 1
| #define HAVE_STRINGS_H 1
| #define HAVE_INTTYPES_H 1
| #define HAVE_STDINT_H 1
| #define HAVE_UNISTD_H 1
| #define HAVE_CURL_CURL_H 1
| #define HAVE_JSONCPP_JSON_JSON_H 1
| #define _POSIX_C_SOURCE 200809L
| #define _XOPEN_SOURCE 500
| #define HAVE__BOOL 1
| #define HAVE_STDBOOL_H 1
| #define HAVE_FCNTL_H 1
| #define HAVE_STDLIB_H 1
| #define HAVE_STRING_H 1
| #define HAVE_SYS_PARAM_H 1
| #define HAVE_SYS_TIME_H 1
| #define HAVE_SYSLOG_H 1
| #define HAVE_TERMIOS_H 1
| #define HAVE_UNISTD_H 1
| #define HAVE_MAGIC_H 1
| #define HAVE_LIBCGROUP_H 1
| /* end confdefs.h.  */
| #include <stdio.h>
| #ifdef HAVE_SYS_TYPES_H
| # include <sys/types.h>
| #endif
| #ifdef HAVE_SYS_STAT_H
| # include <sys/stat.h>
| #endif
| #ifdef STDC_HEADERS
| # include <stdlib.h>
| # include <stddef.h>
| #else
| # ifdef HAVE_STDLIB_H
| #  include <stdlib.h>
| # endif
| #endif
| #ifdef HAVE_STRING_H
| # if !defined STDC_HEADERS && defined HAVE_MEMORY_H
| #  include <memory.h>
| # endif
| # include <string.h>
| #endif
| #ifdef HAVE_STRINGS_H
| # include <strings.h>
| #endif
| #ifdef HAVE_INTTYPES_H
| # include <inttypes.h>
| #endif
| #ifdef HAVE_STDINT_H
| # include <stdint.h>
| #endif
| #ifdef HAVE_UNISTD_H
| # include <unistd.h>
| #endif
| int
| main ()
| {
| if (sizeof ((ssize_t)))
| 	    return 0;
|   ;
|   return 0;
| }
configure:6682: result: yes
configure:6695: checking for error_at_line
configure:6711: gcc -o conftest -g -O2 -Wall -fstack-protector -fPIE -D_FORTIFY_SOURCE=2   -fPIE -pie -Wl,-z,relro -Wl,-z,now conftest.c  >&5
configure:6711: $? = 0
configure:6719: result: yes
configure:6732: checking vfork.h usability
configure:6732: gcc -c -g -O2 -Wall -fstack-protector -fPIE -D_FORTIFY_SOURCE=2  conftest.c >&5
conftest.c:69:19: fatal error: vfork.h: No such file or directory
 #include <vfork.h>
                   ^
compilation terminated.
configure:6732: $? = 1
configure: failed program was:
| /* confdefs.h */
| #define PACKAGE_NAME "DOMjudge"
| #define PACKAGE_TARNAME "domjudge"
| #define PACKAGE_VERSION "5.1.3"
| #define PACKAGE_STRING "DOMjudge 5.1.3"
| #define PACKAGE_BUGREPORT "domjudge-devel@domjudge.org"
| #define PACKAGE_URL ""
| #define DOMJUDGE_VERSION "5.1.3"
| #define STDC_HEADERS 1
| #define HAVE_SYS_TYPES_H 1
| #define HAVE_SYS_STAT_H 1
| #define HAVE_STDLIB_H 1
| #define HAVE_STRING_H 1
| #define HAVE_MEMORY_H 1
| #define HAVE_STRINGS_H 1
| #define HAVE_INTTYPES_H 1
| #define HAVE_STDINT_H 1
| #define HAVE_UNISTD_H 1
| #define HAVE_CURL_CURL_H 1
| #define HAVE_JSONCPP_JSON_JSON_H 1
| #define _POSIX_C_SOURCE 200809L
| #define _XOPEN_SOURCE 500
| #define HAVE__BOOL 1
| #define HAVE_STDBOOL_H 1
| #define HAVE_FCNTL_H 1
| #define HAVE_STDLIB_H 1
| #define HAVE_STRING_H 1
| #define HAVE_SYS_PARAM_H 1
| #define HAVE_SYS_TIME_H 1
| #define HAVE_SYSLOG_H 1
| #define HAVE_TERMIOS_H 1
| #define HAVE_UNISTD_H 1
| #define HAVE_MAGIC_H 1
| #define HAVE_LIBCGROUP_H 1
| /* end confdefs.h.  */
| #include <stdio.h>
| #ifdef HAVE_SYS_TYPES_H
| # include <sys/types.h>
| #endif
| #ifdef HAVE_SYS_STAT_H
| # include <sys/stat.h>
| #endif
| #ifdef STDC_HEADERS
| # include <stdlib.h>
| # include <stddef.h>
| #else
| # ifdef HAVE_STDLIB_H
| #  include <stdlib.h>
| # endif
| #endif
| #ifdef HAVE_STRING_H
| # if !defined STDC_HEADERS && defined HAVE_MEMORY_H
| #  include <memory.h>
| # endif
| # include <string.h>
| #endif
| #ifdef HAVE_STRINGS_H
| # include <strings.h>
| #endif
| #ifdef HAVE_INTTYPES_H
| # include <inttypes.h>
| #endif
| #ifdef HAVE_STDINT_H
| # include <stdint.h>
| #endif
| #ifdef HAVE_UNISTD_H
| # include <unistd.h>
| #endif
| #include <vfork.h>
configure:6732: result: no
configure:6732: checking vfork.h presence
configure:6732: gcc -E  conftest.c
conftest.c:36:19: fatal error: vfork.h: No such file or directory
 #include <vfork.h>
                   ^
compilation terminated.
configure:6732: $? = 1
configure: failed program was:
| /* confdefs.h */
| #define PACKAGE_NAME "DOMjudge"
| #define PACKAGE_TARNAME "domjudge"
| #define PACKAGE_VERSION "5.1.3"
| #define PACKAGE_STRING "DOMjudge 5.1.3"
| #define PACKAGE_BUGREPORT "domjudge-devel@domjudge.org"
| #define PACKAGE_URL ""
| #define DOMJUDGE_VERSION "5.1.3"
| #define STDC_HEADERS 1
| #define HAVE_SYS_TYPES_H 1
| #define HAVE_SYS_STAT_H 1
| #define HAVE_STDLIB_H 1
| #define HAVE_STRING_H 1
| #define HAVE_MEMORY_H 1
| #define HAVE_STRINGS_H 1
| #define HAVE_INTTYPES_H 1
| #define HAVE_STDINT_H 1
| #define HAVE_UNISTD_H 1
| #define HAVE_CURL_CURL_H 1
| #define HAVE_JSONCPP_JSON_JSON_H 1
| #define _POSIX_C_SOURCE 200809L
| #define _XOPEN_SOURCE 500
| #define HAVE__BOOL 1
| #define HAVE_STDBOOL_H 1
| #define HAVE_FCNTL_H 1
| #define HAVE_STDLIB_H 1
| #define HAVE_STRING_H 1
| #define HAVE_SYS_PARAM_H 1
| #define HAVE_SYS_TIME_H 1
| #define HAVE_SYSLOG_H 1
| #define HAVE_TERMIOS_H 1
| #define HAVE_UNISTD_H 1
| #define HAVE_MAGIC_H 1
| #define HAVE_LIBCGROUP_H 1
| /* end confdefs.h.  */
| #include <vfork.h>
configure:6732: result: no
configure:6732: checking for vfork.h
configure:6732: result: no
configure:6745: checking for fork
configure:6745: gcc -o conftest -g -O2 -Wall -fstack-protector -fPIE -D_FORTIFY_SOURCE=2   -fPIE -pie -Wl,-z,relro -Wl,-z,now conftest.c  >&5
conftest.c:59:6: warning: conflicting types for built-in function 'fork' [enabled by default]
 char fork ();
      ^
configure:6745: $? = 0
configure:6745: result: yes
configure:6745: checking for vfork
configure:6745: gcc -o conftest -g -O2 -Wall -fstack-protector -fPIE -D_FORTIFY_SOURCE=2   -fPIE -pie -Wl,-z,relro -Wl,-z,now conftest.c  >&5
configure:6745: $? = 0
configure:6745: result: yes
configure:6755: checking for working fork
configure:6777: gcc -o conftest -g -O2 -Wall -fstack-protector -fPIE -D_FORTIFY_SOURCE=2   -fPIE -pie -Wl,-z,relro -Wl,-z,now conftest.c  >&5
configure:6777: $? = 0
configure:6777: ./conftest
configure:6777: $? = 0
configure:6787: result: yes
configure:6808: checking for working vfork
configure:6918: result: yes
configure:6945: checking for stdlib.h
configure:6945: result: yes
configure:6955: checking for GNU libc compatible malloc
configure:6979: gcc -o conftest -g -O2 -Wall -fstack-protector -fPIE -D_FORTIFY_SOURCE=2   -fPIE -pie -Wl,-z,relro -Wl,-z,now conftest.c  >&5
configure:6979: $? = 0
configure:6979: ./conftest
configure:6979: $? = 0
configure:6989: result: yes
configure:7012: checking for stdlib.h
configure:7012: result: yes
configure:7022: checking for GNU libc compatible realloc
configure:7046: gcc -o conftest -g -O2 -Wall -fstack-protector -fPIE -D_FORTIFY_SOURCE=2   -fPIE -pie -Wl,-z,relro -Wl,-z,now conftest.c  >&5
configure:7046: $? = 0
configure:7046: ./conftest
configure:7046: $? = 0
configure:7056: result: yes
configure:7077: checking for working strtod
configure:7118: gcc -o conftest -g -O2 -Wall -fstack-protector -fPIE -D_FORTIFY_SOURCE=2   -fPIE -pie -Wl,-z,relro -Wl,-z,now conftest.c  >&5
configure:7118: $? = 0
configure:7118: ./conftest
configure:7118: $? = 0
configure:7128: result: yes
configure:7190: checking for atexit
configure:7190: gcc -o conftest -g -O2 -Wall -fstack-protector -fPIE -D_FORTIFY_SOURCE=2   -fPIE -pie -Wl,-z,relro -Wl,-z,now conftest.c  >&5
configure:7190: $? = 0
configure:7190: result: yes
configure:7203: checking for dup2
configure:7203: gcc -o conftest -g -O2 -Wall -fstack-protector -fPIE -D_FORTIFY_SOURCE=2   -fPIE -pie -Wl,-z,relro -Wl,-z,now conftest.c  >&5
configure:7203: $? = 0
configure:7203: result: yes
configure:7216: checking for getcwd
configure:7216: gcc -o conftest -g -O2 -Wall -fstack-protector -fPIE -D_FORTIFY_SOURCE=2   -fPIE -pie -Wl,-z,relro -Wl,-z,now conftest.c  >&5
configure:7216: $? = 0
configure:7216: result: yes
configure:7229: checking for gettimeofday
configure:7229: gcc -o conftest -g -O2 -Wall -fstack-protector -fPIE -D_FORTIFY_SOURCE=2   -fPIE -pie -Wl,-z,relro -Wl,-z,now conftest.c  >&5
configure:7229: $? = 0
configure:7229: result: yes
configure:7242: checking for memset
configure:7242: gcc -o conftest -g -O2 -Wall -fstack-protector -fPIE -D_FORTIFY_SOURCE=2   -fPIE -pie -Wl,-z,relro -Wl,-z,now conftest.c  >&5
conftest.c:71:6: warning: conflicting types for built-in function 'memset' [enabled by default]
 char memset ();
      ^
configure:7242: $? = 0
configure:7242: result: yes
configure:7255: checking for mkdir
configure:7255: gcc -o conftest -g -O2 -Wall -fstack-protector -fPIE -D_FORTIFY_SOURCE=2   -fPIE -pie -Wl,-z,relro -Wl,-z,now conftest.c  >&5
configure:7255: $? = 0
configure:7255: result: yes
configure:7268: checking for realpath
configure:7268: gcc -o conftest -g -O2 -Wall -fstack-protector -fPIE -D_FORTIFY_SOURCE=2   -fPIE -pie -Wl,-z,relro -Wl,-z,now conftest.c  >&5
configure:7268: $? = 0
configure:7268: result: yes
configure:7281: checking for setenv
configure:7281: gcc -o conftest -g -O2 -Wall -fstack-protector -fPIE -D_FORTIFY_SOURCE=2   -fPIE -pie -Wl,-z,relro -Wl,-z,now conftest.c  >&5
configure:7281: $? = 0
configure:7281: result: yes
configure:7294: checking for socket
configure:7294: gcc -o conftest -g -O2 -Wall -fstack-protector -fPIE -D_FORTIFY_SOURCE=2   -fPIE -pie -Wl,-z,relro -Wl,-z,now conftest.c  >&5
configure:7294: $? = 0
configure:7294: result: yes
configure:7307: checking for strchr
configure:7307: gcc -o conftest -g -O2 -Wall -fstack-protector -fPIE -D_FORTIFY_SOURCE=2   -fPIE -pie -Wl,-z,relro -Wl,-z,now conftest.c  >&5
conftest.c:76:6: warning: conflicting types for built-in function 'strchr' [enabled by default]
 char strchr ();
      ^
configure:7307: $? = 0
configure:7307: result: yes
configure:7320: checking for strdup
configure:7320: gcc -o conftest -g -O2 -Wall -fstack-protector -fPIE -D_FORTIFY_SOURCE=2   -fPIE -pie -Wl,-z,relro -Wl,-z,now conftest.c  >&5
conftest.c:77:6: warning: conflicting types for built-in function 'strdup' [enabled by default]
 char strdup ();
      ^
configure:7320: $? = 0
configure:7320: result: yes
configure:7333: checking for strerror
configure:7333: gcc -o conftest -g -O2 -Wall -fstack-protector -fPIE -D_FORTIFY_SOURCE=2   -fPIE -pie -Wl,-z,relro -Wl,-z,now conftest.c  >&5
configure:7333: $? = 0
configure:7333: result: yes
configure:7346: checking for strncasecmp
configure:7346: gcc -o conftest -g -O2 -Wall -fstack-protector -fPIE -D_FORTIFY_SOURCE=2   -fPIE -pie -Wl,-z,relro -Wl,-z,now conftest.c  >&5
conftest.c:79:6: warning: conflicting types for built-in function 'strncasecmp' [enabled by default]
 char strncasecmp ();
      ^
configure:7346: $? = 0
configure:7346: result: yes
configure:7359: checking for strrchr
configure:7359: gcc -o conftest -g -O2 -Wall -fstack-protector -fPIE -D_FORTIFY_SOURCE=2   -fPIE -pie -Wl,-z,relro -Wl,-z,now conftest.c  >&5
conftest.c:80:6: warning: conflicting types for built-in function 'strrchr' [enabled by default]
 char strrchr ();
      ^
configure:7359: $? = 0
configure:7359: result: yes
configure:7372: checking for strstr
configure:7372: gcc -o conftest -g -O2 -Wall -fstack-protector -fPIE -D_FORTIFY_SOURCE=2   -fPIE -pie -Wl,-z,relro -Wl,-z,now conftest.c  >&5
conftest.c:81:6: warning: conflicting types for built-in function 'strstr' [enabled by default]
 char strstr ();
      ^
configure:7372: $? = 0
configure:7372: result: yes
configure:7385: checking for strtol
configure:7385: gcc -o conftest -g -O2 -Wall -fstack-protector -fPIE -D_FORTIFY_SOURCE=2   -fPIE -pie -Wl,-z,relro -Wl,-z,now conftest.c  >&5
configure:7385: $? = 0
configure:7385: result: yes
configure:7516: creating ./config.status

## ---------------------- ##
## Running config.status. ##
## ---------------------- ##

This file was extended by DOMjudge config.status 5.1.3, which was
generated by GNU Autoconf 2.69.  Invocation command line was

  CONFIG_FILES    = 
  CONFIG_HEADERS  = 
  CONFIG_LINKS    = 
  CONFIG_COMMANDS = 
  $ ./config.status 

on nguyen

config.status:896: creating paths.mk
config.status:896: creating etc/config.h

## ---------------- ##
## Cache variables. ##
## ---------------- ##

ac_cv_c_compiler_gnu=yes
ac_cv_c_inline=inline
ac_cv_cxx_compiler_gnu=yes
ac_cv_env_CCC_set=
ac_cv_env_CCC_value=
ac_cv_env_CC_set=
ac_cv_env_CC_value=
ac_cv_env_CFLAGS_set=
ac_cv_env_CFLAGS_value=
ac_cv_env_CPPFLAGS_set=
ac_cv_env_CPPFLAGS_value=
ac_cv_env_CPP_set=
ac_cv_env_CPP_value=
ac_cv_env_CURL_CFLAGS_set=
ac_cv_env_CURL_CFLAGS_value=
ac_cv_env_CURL_CONFIG_set=
ac_cv_env_CURL_CONFIG_value=
ac_cv_env_CURL_LIBS_set=
ac_cv_env_CURL_LIBS_value=
ac_cv_env_CXXCPP_set=
ac_cv_env_CXXCPP_value=
ac_cv_env_CXXFLAGS_set=
ac_cv_env_CXXFLAGS_value=
ac_cv_env_CXX_set=
ac_cv_env_CXX_value=
ac_cv_env_LDFLAGS_set=
ac_cv_env_LDFLAGS_value=
ac_cv_env_LIBS_set=
ac_cv_env_LIBS_value=
ac_cv_env_build_alias_set=
ac_cv_env_build_alias_value=
ac_cv_env_host_alias_set=
ac_cv_env_host_alias_value=
ac_cv_env_target_alias_set=
ac_cv_env_target_alias_value=
ac_cv_func_atexit=yes
ac_cv_func_dup2=yes
ac_cv_func_fork=yes
ac_cv_func_fork_works=yes
ac_cv_func_getcwd=yes
ac_cv_func_gettimeofday=yes
ac_cv_func_malloc_0_nonnull=yes
ac_cv_func_memset=yes
ac_cv_func_mkdir=yes
ac_cv_func_realloc_0_nonnull=yes
ac_cv_func_realpath=yes
ac_cv_func_setenv=yes
ac_cv_func_socket=yes
ac_cv_func_strchr=yes
ac_cv_func_strdup=yes
ac_cv_func_strerror=yes
ac_cv_func_strncasecmp=yes
ac_cv_func_strrchr=yes
ac_cv_func_strstr=yes
ac_cv_func_strtod=yes
ac_cv_func_strtol=yes
ac_cv_func_vfork=yes
ac_cv_func_vfork_works=yes
ac_cv_header_curl_curl_h=yes
ac_cv_header_fcntl_h=yes
ac_cv_header_inttypes_h=yes
ac_cv_header_jsoncpp_json_json_h=yes
ac_cv_header_libcgroup_h=yes
ac_cv_header_magic_h=yes
ac_cv_header_memory_h=yes
ac_cv_header_stdbool_h=yes
ac_cv_header_stdc=yes
ac_cv_header_stdint_h=yes
ac_cv_header_stdlib_h=yes
ac_cv_header_string_h=yes
ac_cv_header_strings_h=yes
ac_cv_header_sys_param_h=yes
ac_cv_header_sys_stat_h=yes
ac_cv_header_sys_time_h=yes
ac_cv_header_sys_types_h=yes
ac_cv_header_syslog_h=yes
ac_cv_header_termios_h=yes
ac_cv_header_unistd_h=yes
ac_cv_header_vfork_h=no
ac_cv_lib_cgroup_cgroup_init=yes
ac_cv_lib_error_at_line=yes
ac_cv_lib_magic_magic_open=yes
ac_cv_objext=o
ac_cv_path_CURL_CONFIG=/usr/bin/curl-config
ac_cv_path_EGREP='/bin/grep -E'
ac_cv_path_GREP=/bin/grep
ac_cv_path_SED=/bin/sed
ac_cv_path_install='/usr/bin/install -c'
ac_cv_path_mkdir=/bin/mkdir
ac_cv_prog_AWK=gawk
ac_cv_prog_CPP='gcc -E'
ac_cv_prog_CXXCPP='g++ -E'
ac_cv_prog_ac_ct_CC=gcc
ac_cv_prog_ac_ct_CXX=g++
ac_cv_prog_cc_c89=
ac_cv_prog_cc_g=yes
ac_cv_prog_cxx_g=yes
ac_cv_prog_make_make_set=yes
ac_cv_type__Bool=yes
ac_cv_type_pid_t=yes
ac_cv_type_size_t=yes
ac_cv_type_ssize_t=yes
ax_cv_check_cflags___D_FORTIFY_SOURCE_2=yes
ax_cv_check_cflags___Wall=yes
ax_cv_check_cflags___fPIE=yes
ax_cv_check_cflags___fstack_protector=yes
ax_cv_check_ldflags___Wl__z_now=yes
ax_cv_check_ldflags___Wl__z_relro=yes
ax_cv_check_ldflags___fPIE=yes
ax_cv_check_ldflags___pie=yes

## ----------------- ##
## Output variables. ##
## ----------------- ##

AWK='gawk'
CC='gcc'
CFLAGS='-g -O2 -Wall -fstack-protector -fPIE -D_FORTIFY_SOURCE=2'
CPP='gcc -E'
CPPFLAGS=''
CURL_CFLAGS=''
CURL_CONFIG='/usr/bin/curl-config'
CURL_LIBS='-L/usr/lib/i386-linux-gnu -lcurl'
CURL_STATIC=''
CXX='g++'
CXXCPP='g++ -E'
CXXFLAGS='-g -O2 -Wall -fstack-protector -fPIE -D_FORTIFY_SOURCE=2'
DEFS='-DHAVE_CONFIG_H'
DOMJUDGE_USER='nguyen'
DOMJUDGE_VERSION='5.1.3'
ECHO_C=''
ECHO_N='-n'
ECHO_T=''
EGREP='/bin/grep -E'
EXEEXT=''
FHS_ENABLED='no'
GREP='/bin/grep'
INSTALL_DATA='${INSTALL} -m 644'
INSTALL_PROGRAM='${INSTALL}'
INSTALL_SCRIPT='${INSTALL}'
LDFLAGS=' -fPIE -pie -Wl,-z,relro -Wl,-z,now'
LIBCGROUP='-lcgroup'
LIBJSONCPP='-ljsoncpp'
LIBMAGIC='-lmagic'
LIBOBJS=''
LIBS=''
LN_S='ln -s'
LTLIBOBJS=''
MKDIR_P='/bin/mkdir -p'
OBJEXT='o'
PACKAGE_BUGREPORT='domjudge-devel@domjudge.org'
PACKAGE_NAME='DOMjudge'
PACKAGE_STRING='DOMjudge 5.1.3'
PACKAGE_TARNAME='domjudge'
PACKAGE_URL=''
PACKAGE_VERSION='5.1.3'
PATH_SEPARATOR=':'
POW_LIB=''
RUNUSER='domjudge-run'
SED='/bin/sed'
SET_MAKE=''
SHELL='/bin/bash'
STATIC_LINK_END=''
STATIC_LINK_START=''
SUBMITCLIENT_ENABLED='yes'
USE_CGROUPS='1'
WEBSERVER_GROUP='www-data'
ac_ct_CC='gcc'
ac_ct_CXX='g++'
bindir='${exec_prefix}/bin'
build_alias=''
datadir='${datarootdir}'
datarootdir='${prefix}/share'
docdir='${datarootdir}/doc/${PACKAGE_TARNAME}'
domjudge_docdir='/var/www/contest/doc'
domserver_bindir='/var/www/contest/domserver/bin'
domserver_etcdir='/var/www/contest/domserver/etc'
domserver_libdir='/var/www/contest/domserver/lib'
domserver_libextdir='/var/www/contest/domserver/lib/ext'
domserver_libsubmitdir='/var/www/contest/domserver/lib/submit'
domserver_libwwwdir='/var/www/contest/domserver/lib/www'
domserver_logdir='/var/www/contest/domserver/log'
domserver_root='/var/www/contest/domserver'
domserver_rundir='/var/www/contest/domserver/run'
domserver_sqldir='/var/www/contest/domserver/sql'
domserver_submitdir='/var/www/contest/domserver/submissions'
domserver_tmpdir='/var/www/contest/domserver/tmp'
domserver_wwwdir='/var/www/contest/domserver/www'
dvidir='${docdir}'
exec_prefix='${prefix}'
host_alias=''
htmldir='${docdir}'
includedir='${prefix}/include'
infodir='${datarootdir}/info'
judgehost_bindir='/var/www/contest/judgehost/bin'
judgehost_cgroupdir='/cgroup'
judgehost_chrootdir='/chroot/domjudge'
judgehost_etcdir='/var/www/contest/judgehost/etc'
judgehost_judgedir='/var/www/contest/judgehost/judgings'
judgehost_libdir='/var/www/contest/judgehost/lib'
judgehost_libextdir='/var/www/contest/judgehost/lib/ext'
judgehost_libjudgedir='/var/www/contest/judgehost/lib/judge'
judgehost_logdir='/var/www/contest/judgehost/log'
judgehost_root='/var/www/contest/judgehost'
judgehost_rundir='/var/www/contest/judgehost/run'
judgehost_tmpdir='/var/www/contest/judgehost/tmp'
libdir='${exec_prefix}/lib'
libexecdir='${exec_prefix}/libexec'
localedir='${datarootdir}/locale'
localstatedir='${prefix}/var'
mandir='${datarootdir}/man'
oldincludedir='/usr/include'
pdfdir='${docdir}'
prefix='/var/www/contest'
program_transform_name='s,x,x,'
psdir='${docdir}'
sbindir='${exec_prefix}/sbin'
sharedstatedir='${prefix}/com'
sysconfdir='${prefix}/etc'
target_alias=''

## ----------- ##
## confdefs.h. ##
## ----------- ##

/* confdefs.h */
#define PACKAGE_NAME "DOMjudge"
#define PACKAGE_TARNAME "domjudge"
#define PACKAGE_VERSION "5.1.3"
#define PACKAGE_STRING "DOMjudge 5.1.3"
#define PACKAGE_BUGREPORT "domjudge-devel@domjudge.org"
#define PACKAGE_URL ""
#define DOMJUDGE_VERSION "5.1.3"
#define STDC_HEADERS 1
#define HAVE_SYS_TYPES_H 1
#define HAVE_SYS_STAT_H 1
#define HAVE_STDLIB_H 1
#define HAVE_STRING_H 1
#define HAVE_MEMORY_H 1
#define HAVE_STRINGS_H 1
#define HAVE_INTTYPES_H 1
#define HAVE_STDINT_H 1
#define HAVE_UNISTD_H 1
#define HAVE_CURL_CURL_H 1
#define HAVE_JSONCPP_JSON_JSON_H 1
#define _POSIX_C_SOURCE 200809L
#define _XOPEN_SOURCE 500
#define HAVE__BOOL 1
#define HAVE_STDBOOL_H 1
#define HAVE_FCNTL_H 1
#define HAVE_STDLIB_H 1
#define HAVE_STRING_H 1
#define HAVE_SYS_PARAM_H 1
#define HAVE_SYS_TIME_H 1
#define HAVE_SYSLOG_H 1
#define HAVE_TERMIOS_H 1
#define HAVE_UNISTD_H 1
#define HAVE_MAGIC_H 1
#define HAVE_LIBCGROUP_H 1
#define HAVE_FORK 1
#define HAVE_VFORK 1
#define HAVE_WORKING_VFORK 1
#define HAVE_WORKING_FORK 1
#define HAVE_STDLIB_H 1
#define HAVE_MALLOC 1
#define HAVE_STDLIB_H 1
#define HAVE_REALLOC 1
#define HAVE_ATEXIT 1
#define HAVE_DUP2 1
#define HAVE_GETCWD 1
#define HAVE_GETTIMEOFDAY 1
#define HAVE_MEMSET 1
#define HAVE_MKDIR 1
#define HAVE_REALPATH 1
#define HAVE_SETENV 1
#define HAVE_SOCKET 1
#define HAVE_STRCHR 1
#define HAVE_STRDUP 1
#define HAVE_STRERROR 1
#define HAVE_STRNCASECMP 1
#define HAVE_STRRCHR 1
#define HAVE_STRSTR 1
#define HAVE_STRTOL 1

configure: exit 0
